<?xml version="1.0" encoding="UTF-8"?>
<testsuite name="AlienClientTest" tests="3" skipped="0" failures="0" errors="0" timestamp="2022-11-15T18:14:49" hostname="LAPTOP-TM6BVL61" time="0.023">
  <properties/>
  <testcase name="ferengiStartClosed()" classname="AlienClientTest" time="0.02"/>
  <testcase name="ferengiAlreadyOpened()" classname="AlienClientTest" time="0.0"/>
  <testcase name="romulan()" classname="AlienClientTest" time="0.002"/>
  <system-out><![CDATA[]]></system-out>
  <system-err><![CDATA[]]></system-err>
</testsuite>
