<?xml version="1.0" encoding="UTF-8"?>
<testsuite name="HumanClientTest" tests="2" skipped="0" failures="0" errors="0" timestamp="2022-11-14T18:45:08" hostname="LAPTOP-TM6BVL61" time="0.836">
  <properties/>
  <testcase name="removeObserver()" classname="HumanClientTest" time="0.822"/>
  <testcase name="addObserver()" classname="HumanClientTest" time="0.013"/>
  <system-out><![CDATA[]]></system-out>
  <system-err><![CDATA[]]></system-err>
</testsuite>
