<?xml version="1.0" encoding="UTF-8"?>
<testsuite name="StringTransformerGroupTest" tests="2" skipped="0" failures="0" errors="0" timestamp="2022-11-15T00:27:43" hostname="LAPTOP-TM6BVL61" time="0.002">
  <properties/>
  <testcase name="transformerGroup()" classname="StringTransformerGroupTest" time="0.001"/>
  <testcase name="transformerComposite()" classname="StringTransformerGroupTest" time="0.0"/>
  <system-out><![CDATA[]]></system-out>
  <system-err><![CDATA[]]></system-err>
</testsuite>
