<?xml version="1.0" encoding="UTF-8"?>
<testsuite name="HumanClientTest" tests="6" skipped="0" failures="0" errors="0" timestamp="2022-11-15T00:27:43" hostname="LAPTOP-TM6BVL61" time="0.371">
  <properties/>
  <testcase name="impatientStrategy()" classname="HumanClientTest" time="0.018"/>
  <testcase name="removeObserver()" classname="HumanClientTest" time="0.344"/>
  <testcase name="smartStrategyStartClosed()" classname="HumanClientTest" time="0.001"/>
  <testcase name="smartStrategyStartOpened()" classname="HumanClientTest" time="0.001"/>
  <testcase name="addObserver()" classname="HumanClientTest" time="0.006"/>
  <testcase name="orderStringRecipe()" classname="HumanClientTest" time="0.0"/>
  <system-out><![CDATA[]]></system-out>
  <system-err><![CDATA[]]></system-err>
</testsuite>
