<?xml version="1.0" encoding="UTF-8"?>
<testsuite name="StringDrinkTest" tests="1" skipped="0" failures="0" errors="0" timestamp="2022-11-15T00:27:43" hostname="LAPTOP-TM6BVL61" time="0.001">
  <properties/>
  <testcase name="stringDrink()" classname="StringDrinkTest" time="0.001"/>
  <system-out><![CDATA[]]></system-out>
  <system-err><![CDATA[]]></system-err>
</testsuite>
